02/15/2022 01:13:49 - INFO - __main__ - **********  Configuration Arguments **********
02/15/2022 01:13:49 - INFO - __main__ - adam_epsilon: 1e-06
02/15/2022 01:13:49 - INFO - __main__ - device: gpu
02/15/2022 01:13:49 - INFO - __main__ - eval_batch_size: 128
02/15/2022 01:13:49 - INFO - __main__ - gradient_accumulation_steps: 2
02/15/2022 01:13:49 - INFO - __main__ - learning_rate: 1e-05
02/15/2022 01:13:49 - INFO - __main__ - logdir: byt5/tasks/tweetqa/tqoutputs/logs
02/15/2022 01:13:49 - INFO - __main__ - logging_steps: 500
02/15/2022 01:13:49 - INFO - __main__ - max_grad_norm: 3.0
02/15/2022 01:13:49 - INFO - __main__ - max_source_length: 512
02/15/2022 01:13:49 - INFO - __main__ - max_target_length: 128
02/15/2022 01:13:49 - INFO - __main__ - max_train_steps: 19200
02/15/2022 01:13:49 - INFO - __main__ - model_name_or_path: /home/aistudio/byt5/tasks/tweetqa/tqoutputs/step-17500
02/15/2022 01:13:49 - INFO - __main__ - num_beams: 2
02/15/2022 01:13:49 - INFO - __main__ - num_train_epochs: 1
02/15/2022 01:13:49 - INFO - __main__ - num_workers: 0
02/15/2022 01:13:49 - INFO - __main__ - output_dir: byt5/tasks/tweetqa/tqoutputs
02/15/2022 01:13:49 - INFO - __main__ - save_steps: 50
02/15/2022 01:13:49 - INFO - __main__ - scale_loss: 32768
02/15/2022 01:13:49 - INFO - __main__ - scheduler_type: linear
02/15/2022 01:13:49 - INFO - __main__ - seed: 42
02/15/2022 01:13:49 - INFO - __main__ - source_prefix: 
02/15/2022 01:13:49 - INFO - __main__ - train_batch_size: 24
02/15/2022 01:13:49 - INFO - __main__ - use_amp: False
02/15/2022 01:13:49 - INFO - __main__ - val_max_target_length: 128
02/15/2022 01:13:49 - INFO - __main__ - warmup_radio: 0.1
02/15/2022 01:13:49 - INFO - __main__ - warmup_steps: -1
02/15/2022 01:13:49 - INFO - __main__ - weight_decay: 0.01
02/15/2022 01:13:49 - INFO - __main__ - writer_type: visualdl
02/15/2022 01:13:49 - INFO - __main__ - **************************************************
02/15/2022 01:13:59 - INFO - __main__ - ********** Running training **********
02/15/2022 01:13:59 - INFO - __main__ -   Num examples = 10667
02/15/2022 01:13:59 - INFO - __main__ -   Num Epochs = 87
02/15/2022 01:13:59 - INFO - __main__ -   Instantaneous train batch size = 24
02/15/2022 01:13:59 - INFO - __main__ -   Instantaneous eval batch size = 128
02/15/2022 01:13:59 - INFO - __main__ -   Total train batch size (w. accumulation) = 48
02/15/2022 01:13:59 - INFO - __main__ -   Gradient Accumulation steps = 2
02/15/2022 01:13:59 - INFO - __main__ -   Total optimization steps = 19200
02/15/2022 01:16:38 - INFO - __main__ - ********** Running evaluating **********
02/15/2022 01:16:38 - INFO - __main__ - ********** Step 17550 **********
02/15/2022 01:16:41 - INFO - paddle.utils.download - unique_endpoints {''}
02/15/2022 01:17:10 - INFO - __main__ - rougueL = 0.6890417951191425
02/15/2022 01:17:10 - INFO - __main__ - bleu1 = 64.97890394671155
02/15/2022 01:17:10 - INFO - __main__ - ********** Evaluating Done **********
02/15/2022 01:18:54 - INFO - __main__ - ********** Running evaluating **********
02/15/2022 01:18:54 - INFO - __main__ - ********** Step 17600 **********
02/15/2022 01:18:58 - INFO - paddle.utils.download - unique_endpoints {''}
02/15/2022 01:19:25 - INFO - __main__ - rougueL = 0.6881623006622997
02/15/2022 01:19:25 - INFO - __main__ - bleu1 = 64.93040152669921
02/15/2022 01:19:25 - INFO - __main__ - ********** Evaluating Done **********
02/15/2022 01:21:06 - INFO - __main__ - ********** Running evaluating **********
02/15/2022 01:21:06 - INFO - __main__ - ********** Step 17650 **********
02/15/2022 01:21:09 - INFO - paddle.utils.download - unique_endpoints {''}
02/15/2022 01:21:36 - INFO - __main__ - rougueL = 0.6878344210526521
02/15/2022 01:21:36 - INFO - __main__ - bleu1 = 64.91364409514014
02/15/2022 01:21:36 - INFO - __main__ - ********** Evaluating Done **********
02/15/2022 01:23:22 - INFO - __main__ - ********** Running evaluating **********
02/15/2022 01:23:22 - INFO - __main__ - ********** Step 17700 **********
02/15/2022 01:23:25 - INFO - paddle.utils.download - unique_endpoints {''}
02/15/2022 01:23:52 - INFO - __main__ - rougueL = 0.6872309269408707
02/15/2022 01:23:52 - INFO - __main__ - bleu1 = 64.86800229107763
02/15/2022 01:23:52 - INFO - __main__ - ********** Evaluating Done **********
02/15/2022 01:25:37 - INFO - __main__ - ********** Running evaluating **********
02/15/2022 01:25:37 - INFO - __main__ - ********** Step 17750 **********
02/15/2022 01:25:39 - INFO - paddle.utils.download - unique_endpoints {''}
02/15/2022 01:26:07 - INFO - __main__ - rougueL = 0.6886866330927095
02/15/2022 01:26:07 - INFO - __main__ - bleu1 = 64.9243836272813
02/15/2022 01:26:07 - INFO - __main__ - ********** Evaluating Done **********
02/15/2022 01:27:50 - INFO - __main__ - ********** Running evaluating **********
02/15/2022 01:27:50 - INFO - __main__ - ********** Step 17800 **********
02/15/2022 01:27:53 - INFO - paddle.utils.download - unique_endpoints {''}
02/15/2022 01:28:21 - INFO - __main__ - rougueL = 0.685410259374347
02/15/2022 01:28:21 - INFO - __main__ - bleu1 = 64.65119469960712
02/15/2022 01:28:21 - INFO - __main__ - ********** Evaluating Done **********
02/15/2022 01:30:05 - INFO - __main__ - ********** Running evaluating **********
02/15/2022 01:30:05 - INFO - __main__ - ********** Step 17850 **********
02/15/2022 01:30:08 - INFO - paddle.utils.download - unique_endpoints {''}
02/15/2022 01:30:35 - INFO - __main__ - rougueL = 0.6918161335288397
02/15/2022 01:30:35 - INFO - __main__ - bleu1 = 65.43929469335613
02/15/2022 01:30:35 - INFO - __main__ - ********** Evaluating Done **********
02/15/2022 01:32:21 - INFO - __main__ - ********** Running evaluating **********
02/15/2022 01:32:21 - INFO - __main__ - ********** Step 17900 **********
02/15/2022 01:32:24 - INFO - paddle.utils.download - unique_endpoints {''}
02/15/2022 01:32:51 - INFO - __main__ - rougueL = 0.6911539708501028
02/15/2022 01:32:51 - INFO - __main__ - bleu1 = 65.15912594320378
02/15/2022 01:32:51 - INFO - __main__ - ********** Evaluating Done **********
02/15/2022 01:34:36 - INFO - __main__ - ********** Running evaluating **********
02/15/2022 01:34:36 - INFO - __main__ - ********** Step 17950 **********
02/15/2022 01:34:39 - INFO - paddle.utils.download - unique_endpoints {''}
02/15/2022 01:35:07 - INFO - __main__ - rougueL = 0.6907328322383562
02/15/2022 01:35:07 - INFO - __main__ - bleu1 = 65.15513101594321
02/15/2022 01:35:07 - INFO - __main__ - ********** Evaluating Done **********
02/15/2022 01:36:50 - INFO - __main__ - global_steps 18000 - lr: 0.0000100000  loss: 0.12182956
02/15/2022 01:36:50 - INFO - __main__ - ********** Running evaluating **********
02/15/2022 01:36:50 - INFO - __main__ - ********** Step 18000 **********
02/15/2022 01:36:53 - INFO - paddle.utils.download - unique_endpoints {''}
02/15/2022 01:37:21 - INFO - __main__ - rougueL = 0.6923423466241141
02/15/2022 01:37:21 - INFO - __main__ - bleu1 = 65.34085595694343
02/15/2022 01:37:21 - INFO - __main__ - ********** Evaluating Done **********
02/15/2022 01:39:06 - INFO - __main__ - ********** Running evaluating **********
02/15/2022 01:39:06 - INFO - __main__ - ********** Step 18050 **********
02/15/2022 01:39:09 - INFO - paddle.utils.download - unique_endpoints {''}
02/15/2022 01:39:36 - INFO - __main__ - rougueL = 0.68929698038814
02/15/2022 01:39:36 - INFO - __main__ - bleu1 = 64.91214008994837
02/15/2022 01:39:36 - INFO - __main__ - ********** Evaluating Done **********
02/15/2022 01:41:19 - INFO - __main__ - ********** Running evaluating **********
02/15/2022 01:41:19 - INFO - __main__ - ********** Step 18100 **********
02/15/2022 01:41:22 - INFO - paddle.utils.download - unique_endpoints {''}
02/15/2022 01:41:50 - INFO - __main__ - rougueL = 0.691544024831317
02/15/2022 01:41:50 - INFO - __main__ - bleu1 = 65.25785514736945
02/15/2022 01:41:50 - INFO - __main__ - ********** Evaluating Done **********
02/15/2022 01:43:35 - INFO - __main__ - ********** Running evaluating **********
02/15/2022 01:43:35 - INFO - __main__ - ********** Step 18150 **********
02/15/2022 01:43:38 - INFO - paddle.utils.download - unique_endpoints {''}
02/15/2022 01:44:06 - INFO - __main__ - rougueL = 0.6905822333999121
02/15/2022 01:44:06 - INFO - __main__ - bleu1 = 65.12829800072119
02/15/2022 01:44:06 - INFO - __main__ - ********** Evaluating Done **********
02/15/2022 01:45:51 - INFO - __main__ - ********** Running evaluating **********
02/15/2022 01:45:51 - INFO - __main__ - ********** Step 18200 **********
02/15/2022 01:45:54 - INFO - paddle.utils.download - unique_endpoints {''}
02/15/2022 01:46:22 - INFO - __main__ - rougueL = 0.6905268381097105
02/15/2022 01:46:22 - INFO - __main__ - bleu1 = 65.07589966997858
02/15/2022 01:46:22 - INFO - __main__ - ********** Evaluating Done **********
02/15/2022 01:48:06 - INFO - __main__ - ********** Running evaluating **********
02/15/2022 01:48:06 - INFO - __main__ - ********** Step 18250 **********
02/15/2022 01:48:09 - INFO - paddle.utils.download - unique_endpoints {''}
02/15/2022 01:48:37 - INFO - __main__ - rougueL = 0.6933349313874169
02/15/2022 01:48:37 - INFO - __main__ - bleu1 = 65.48338904847294
02/15/2022 01:48:37 - INFO - __main__ - ********** Evaluating Done **********
02/15/2022 01:50:19 - INFO - __main__ - ********** Running evaluating **********
02/15/2022 01:50:19 - INFO - __main__ - ********** Step 18300 **********
02/15/2022 01:50:22 - INFO - paddle.utils.download - unique_endpoints {''}
02/15/2022 01:50:50 - INFO - __main__ - rougueL = 0.6932150313365772
02/15/2022 01:50:50 - INFO - __main__ - bleu1 = 65.37169280663831
02/15/2022 01:50:50 - INFO - __main__ - ********** Evaluating Done **********
02/15/2022 01:52:37 - INFO - __main__ - ********** Running evaluating **********
02/15/2022 01:52:37 - INFO - __main__ - ********** Step 18350 **********
02/15/2022 01:52:40 - INFO - paddle.utils.download - unique_endpoints {''}
02/15/2022 01:53:07 - INFO - __main__ - rougueL = 0.6908811671242603
02/15/2022 01:53:07 - INFO - __main__ - bleu1 = 65.11795946256699
02/15/2022 01:53:07 - INFO - __main__ - ********** Evaluating Done **********
02/15/2022 01:54:51 - INFO - __main__ - ********** Running evaluating **********
02/15/2022 01:54:51 - INFO - __main__ - ********** Step 18400 **********
02/15/2022 01:54:55 - INFO - paddle.utils.download - unique_endpoints {''}
02/15/2022 01:55:22 - INFO - __main__ - rougueL = 0.6926851105718503
02/15/2022 01:55:22 - INFO - __main__ - bleu1 = 65.36301370986327
02/15/2022 01:55:22 - INFO - __main__ - ********** Evaluating Done **********
02/15/2022 01:57:05 - INFO - __main__ - ********** Running evaluating **********
02/15/2022 01:57:05 - INFO - __main__ - ********** Step 18450 **********
02/15/2022 01:57:09 - INFO - paddle.utils.download - unique_endpoints {''}
02/15/2022 01:57:37 - INFO - __main__ - rougueL = 0.6961533964296386
02/15/2022 01:57:37 - INFO - __main__ - bleu1 = 65.68850536326065
02/15/2022 01:57:37 - INFO - __main__ - ********** Evaluating Done **********
02/15/2022 01:59:21 - INFO - __main__ - global_steps 18500 - lr: 0.0000100000  loss: 0.12085960
02/15/2022 01:59:21 - INFO - __main__ - ********** Running evaluating **********
02/15/2022 01:59:21 - INFO - __main__ - ********** Step 18500 **********
02/15/2022 01:59:24 - INFO - paddle.utils.download - unique_endpoints {''}
02/15/2022 01:59:52 - INFO - __main__ - rougueL = 0.6918338593062345
02/15/2022 01:59:52 - INFO - __main__ - bleu1 = 65.29384649278514
02/15/2022 01:59:52 - INFO - __main__ - ********** Evaluating Done **********
02/15/2022 02:01:38 - INFO - __main__ - ********** Running evaluating **********
02/15/2022 02:01:38 - INFO - __main__ - ********** Step 18550 **********
02/15/2022 02:01:41 - INFO - paddle.utils.download - unique_endpoints {''}
02/15/2022 02:02:09 - INFO - __main__ - rougueL = 0.6878567335059043
02/15/2022 02:02:09 - INFO - __main__ - bleu1 = 64.8954280946111
02/15/2022 02:02:09 - INFO - __main__ - ********** Evaluating Done **********
02/15/2022 02:03:54 - INFO - __main__ - ********** Running evaluating **********
02/15/2022 02:03:54 - INFO - __main__ - ********** Step 18600 **********
02/15/2022 02:03:57 - INFO - paddle.utils.download - unique_endpoints {''}
02/15/2022 02:04:26 - INFO - __main__ - rougueL = 0.6885644307605628
02/15/2022 02:04:26 - INFO - __main__ - bleu1 = 65.06465844610862
02/15/2022 02:04:26 - INFO - __main__ - ********** Evaluating Done **********
02/15/2022 02:06:10 - INFO - __main__ - ********** Running evaluating **********
02/15/2022 02:06:10 - INFO - __main__ - ********** Step 18650 **********
02/15/2022 02:06:14 - INFO - paddle.utils.download - unique_endpoints {''}
02/15/2022 02:06:42 - INFO - __main__ - rougueL = 0.6892216911899223
02/15/2022 02:06:42 - INFO - __main__ - bleu1 = 65.06486151480907
02/15/2022 02:06:42 - INFO - __main__ - ********** Evaluating Done **********
02/15/2022 02:08:26 - INFO - __main__ - ********** Running evaluating **********
02/15/2022 02:08:26 - INFO - __main__ - ********** Step 18700 **********
02/15/2022 02:08:29 - INFO - paddle.utils.download - unique_endpoints {''}
02/15/2022 02:08:57 - INFO - __main__ - rougueL = 0.6921327598123168
02/15/2022 02:08:57 - INFO - __main__ - bleu1 = 65.35462542437561
02/15/2022 02:08:57 - INFO - __main__ - ********** Evaluating Done **********
02/15/2022 02:10:40 - INFO - __main__ - ********** Running evaluating **********
02/15/2022 02:10:40 - INFO - __main__ - ********** Step 18750 **********
02/15/2022 02:10:43 - INFO - paddle.utils.download - unique_endpoints {''}
02/15/2022 02:11:11 - INFO - __main__ - rougueL = 0.6883852233299741
02/15/2022 02:11:11 - INFO - __main__ - bleu1 = 65.04539441589269
02/15/2022 02:11:11 - INFO - __main__ - ********** Evaluating Done **********
02/15/2022 02:12:57 - INFO - __main__ - ********** Running evaluating **********
02/15/2022 02:12:57 - INFO - __main__ - ********** Step 18800 **********
02/15/2022 02:13:00 - INFO - paddle.utils.download - unique_endpoints {''}
02/15/2022 02:13:27 - INFO - __main__ - rougueL = 0.6871377088227912
02/15/2022 02:13:27 - INFO - __main__ - bleu1 = 64.97859680388662
02/15/2022 02:13:27 - INFO - __main__ - ********** Evaluating Done **********
02/15/2022 02:15:11 - INFO - __main__ - ********** Running evaluating **********
02/15/2022 02:15:11 - INFO - __main__ - ********** Step 18850 **********
02/15/2022 02:15:14 - INFO - paddle.utils.download - unique_endpoints {''}
02/15/2022 02:15:42 - INFO - __main__ - rougueL = 0.6922896969512982
02/15/2022 02:15:42 - INFO - __main__ - bleu1 = 65.40548282381683
02/15/2022 02:15:42 - INFO - __main__ - ********** Evaluating Done **********
02/15/2022 02:17:25 - INFO - __main__ - ********** Running evaluating **********
02/15/2022 02:17:25 - INFO - __main__ - ********** Step 18900 **********
02/15/2022 02:17:28 - INFO - paddle.utils.download - unique_endpoints {''}
02/15/2022 02:17:55 - INFO - __main__ - rougueL = 0.6915377976842059
02/15/2022 02:17:55 - INFO - __main__ - bleu1 = 65.28285222252212
02/15/2022 02:17:55 - INFO - __main__ - ********** Evaluating Done **********
02/15/2022 02:19:39 - INFO - __main__ - ********** Running evaluating **********
02/15/2022 02:19:39 - INFO - __main__ - ********** Step 18950 **********
02/15/2022 02:19:42 - INFO - paddle.utils.download - unique_endpoints {''}
02/15/2022 02:20:11 - INFO - __main__ - rougueL = 0.6895342303491465
02/15/2022 02:20:11 - INFO - __main__ - bleu1 = 65.0834425311543
02/15/2022 02:20:11 - INFO - __main__ - ********** Evaluating Done **********
02/15/2022 02:21:52 - INFO - __main__ - global_steps 19000 - lr: 0.0000100000  loss: 0.11834461
02/15/2022 02:21:52 - INFO - __main__ - ********** Running evaluating **********
02/15/2022 02:21:52 - INFO - __main__ - ********** Step 19000 **********
02/15/2022 02:21:55 - INFO - paddle.utils.download - unique_endpoints {''}
02/15/2022 02:22:23 - INFO - __main__ - rougueL = 0.6857879689371393
02/15/2022 02:22:23 - INFO - __main__ - bleu1 = 64.72542271180852
02/15/2022 02:22:23 - INFO - __main__ - ********** Evaluating Done **********
02/15/2022 02:24:09 - INFO - __main__ - ********** Running evaluating **********
02/15/2022 02:24:09 - INFO - __main__ - ********** Step 19050 **********
02/15/2022 02:24:12 - INFO - paddle.utils.download - unique_endpoints {''}
02/15/2022 02:24:40 - INFO - __main__ - rougueL = 0.6857244428377021
02/15/2022 02:24:40 - INFO - __main__ - bleu1 = 64.75730786191411
02/15/2022 02:24:40 - INFO - __main__ - ********** Evaluating Done **********
02/15/2022 02:26:24 - INFO - __main__ - ********** Running evaluating **********
02/15/2022 02:26:24 - INFO - __main__ - ********** Step 19100 **********
02/15/2022 02:26:27 - INFO - paddle.utils.download - unique_endpoints {''}
02/15/2022 02:26:55 - INFO - __main__ - rougueL = 0.6909927038380067
02/15/2022 02:26:55 - INFO - __main__ - bleu1 = 65.10813580674568
02/15/2022 02:26:55 - INFO - __main__ - ********** Evaluating Done **********
02/15/2022 02:28:41 - INFO - __main__ - ********** Running evaluating **********
02/15/2022 02:28:41 - INFO - __main__ - ********** Step 19150 **********
02/15/2022 02:28:44 - INFO - paddle.utils.download - unique_endpoints {''}
02/15/2022 02:29:12 - INFO - __main__ - rougueL = 0.6930400732886914
02/15/2022 02:29:12 - INFO - __main__ - bleu1 = 65.4155463858546
02/15/2022 02:29:12 - INFO - __main__ - ********** Evaluating Done **********
02/15/2022 02:30:54 - INFO - __main__ - ********** Running evaluating **********
02/15/2022 02:30:54 - INFO - __main__ - ********** Step 19200 **********
02/15/2022 02:30:57 - INFO - paddle.utils.download - unique_endpoints {''}
02/15/2022 02:31:28 - INFO - __main__ - rougueL = 0.6893287907100052
02/15/2022 02:31:28 - INFO - __main__ - bleu1 = 65.09443469086416
02/15/2022 02:31:28 - INFO - __main__ - ********** Evaluating Done **********
02/15/2022 02:31:28 - INFO - __main__ - ********** Running evaluating **********
02/15/2022 02:31:28 - INFO - __main__ - ********** Step 19200 **********
02/15/2022 02:31:31 - INFO - paddle.utils.download - unique_endpoints {''}
02/15/2022 02:32:00 - INFO - __main__ - rougueL = 0.6896361631513561
02/15/2022 02:32:00 - INFO - __main__ - bleu1 = 65.09443469086416
02/15/2022 02:32:00 - INFO - __main__ - ********** Evaluating Done **********
02/15/2022 02:32:00 - INFO - __main__ - ********** Training Done **********
